<?xml version="1.0" encoding="UTF-8"?>
<testsuite xmlns:xsi="http://www.w3.org/2001/XMLSchema-instance" xsi:noNamespaceSchemaLocation="https://maven.apache.org/surefire/maven-surefire-plugin/xsd/surefire-test-report.xsd" name="Register user, login,log out" time="53.665" tests="2" errors="0" skipped="0" failures="1">
  <properties>
[...]
</properties>
  <testcase name="user should be able to register with valid credentials" classname="Register user, login,log out" time="32.792">
    <failure type="java.lang.AssertionError">java.lang.AssertionError
</failure>
    <system-out><![CDATA[&amp#27;[32m&amp#27;[1m?????????????????????????????????????????????????????????????????????????????????????&amp#27;[0m
&amp#27;[32m&amp#27;[1m?&amp#27;[0m Share your Cucumber Report with your team at &amp#27;[36m&amp#27;[1m&amp#27;[4mhttps://reports.cucumber.io&amp#27;[0m          &amp#27;[32m&amp#27;[1m?&amp#27;[0m
&amp#27;[32m&amp#27;[1m?&amp#27;[0m Activate publishing with one of the following:                                    &amp#27;[32m&amp#27;[1m?&amp#27;[0m
&amp#27;[32m&amp#27;[1m?&amp#27;[0m                                                                                   &amp#27;[32m&amp#27;[1m?&amp#27;[0m
&amp#27;[32m&amp#27;[1m?&amp#27;[0m src/test/resources/cucumber.properties:          &amp#27;[36mcucumber.publish.enabled&amp#27;[0m=&amp#27;[36mtrue&amp#27;[0m    &amp#27;[32m&amp#27;[1m?&amp#27;[0m
&amp#27;[32m&amp#27;[1m?&amp#27;[0m src/test/resources/junit-platform.properties:    &amp#27;[36mcucumber.publish.enabled&amp#27;[0m=&amp#27;[36mtrue&amp#27;[0m    &amp#27;[32m&amp#27;[1m?&amp#27;[0m
&amp#27;[32m&amp#27;[1m?&amp#27;[0m Environment variable:                            &amp#27;[36mCUCUMBER_PUBLISH_ENABLED&amp#27;[0m=&amp#27;[36mtrue&amp#27;[0m    &amp#27;[32m&amp#27;[1m?&amp#27;[0m
&amp#27;[32m&amp#27;[1m?&amp#27;[0m JUnit:                                           &amp#27;[36m@CucumberOptions&amp#27;[0m(publish = &amp#27;[36mtrue&amp#27;[0m) &amp#27;[32m&amp#27;[1m?&amp#27;[0m
&amp#27;[32m&amp#27;[1m?&amp#27;[0m                                                                                   &amp#27;[32m&amp#27;[1m?&amp#27;[0m
&amp#27;[32m&amp#27;[1m?&amp#27;[0m More information at &amp#27;[36mhttps://reports.cucumber.io/docs/cucumber-jvm&amp#27;[0m                 &amp#27;[32m&amp#27;[1m?&amp#27;[0m
&amp#27;[32m&amp#27;[1m?&amp#27;[0m                                                                                   &amp#27;[32m&amp#27;[1m?&amp#27;[0m
&amp#27;[32m&amp#27;[1m?&amp#27;[0m Disable this message with one of the following:                                   &amp#27;[32m&amp#27;[1m?&amp#27;[0m
&amp#27;[32m&amp#27;[1m?&amp#27;[0m                                                                                   &amp#27;[32m&amp#27;[1m?&amp#27;[0m
&amp#27;[32m&amp#27;[1m?&amp#27;[0m src/test/resources/cucumber.properties:          &amp#27;[36mcucumber.publish.quiet&amp#27;[0m=&amp#27;[36mtrue&amp#27;[0m      &amp#27;[32m&amp#27;[1m?&amp#27;[0m
&amp#27;[32m&amp#27;[1m?&amp#27;[0m src/test/resources/junit-platform.properties:    &amp#27;[36mcucumber.publish.quiet&amp#27;[0m=&amp#27;[36mtrue&amp#27;[0m      &amp#27;[32m&amp#27;[1m?&amp#27;[0m
&amp#27;[32m&amp#27;[1m?????????????????????????????????????????????????????????????????????????????????????&amp#27;[0m

@Registration
Scenario: user should be able to register with valid credentials                                                    &amp#27;[90m# src/test/resources/features/ui/TC01-SignUp.feature:7&amp#27;[0m
  &amp#27;[32mGiven &amp#27;[0m&amp#27;[32mnavigate to baseUrl&amp#27;[0m                                                                                         &amp#27;[90m# stepdefinitions.RegistrationStepDef.navigate_to_base_url()&amp#27;[0m
  &amp#27;[32mAnd &amp#27;[0m&amp#27;[32mverify that home page is visible successfully&amp#27;[0m                                                                 &amp#27;[90m# stepdefinitions.RegistrationStepDef.verify_that_home_page_is_visible_successfully()&amp#27;[0m
  &amp#27;[32mWhen &amp#27;[0m&amp#27;[32mclick on Signup Login button&amp#27;[0m                                                                                 &amp#27;[90m# stepdefinitions.RegistrationStepDef.click_on_signup_login_button()&amp#27;[0m
  &amp#27;[31mThen &amp#27;[0m&amp#27;[31mverify New User Signup! is visible&amp#27;[0m                                                                           &amp#27;[90m# stepdefinitions.RegistrationStepDef.verify_new_user_signup_is_visible()&amp#27;[0m
      &amp#27;[31mjava.lang.AssertionError
	at org.junit.Assert.fail(Assert.java:87)
	at org.junit.Assert.assertTrue(Assert.java:42)
	at org.junit.Assert.assertTrue(Assert.java:53)
	at stepdefinitions.RegistrationStepDef.verify_new_user_signup_is_visible(RegistrationStepDef.java:44)
	at ?.verify New User Signup! is visible(file:///C:/Users/Ayse/IdeaProjects/AutomationExerciseCucumber/./src/test/resources/features/ui/TC01-SignUp.feature:9)
&amp#27;[0m
  &amp#27;[36mAnd &amp#27;[0m&amp#27;[36menter name and email address&amp#27;[0m                                                                                  &amp#27;[90m# stepdefinitions.RegistrationStepDef.enter_name_and_email_address()&amp#27;[0m
  &amp#27;[36mWhen &amp#27;[0m&amp#27;[36mclick Signup button&amp#27;[0m                                                                                          &amp#27;[90m# stepdefinitions.RegistrationStepDef.click_signup_button()&amp#27;[0m
  &amp#27;[36mThen &amp#27;[0m&amp#27;[36mverify that ENTER ACCOUNT INFORMATION is visible&amp#27;[0m                                                             &amp#27;[90m# stepdefinitions.RegistrationStepDef.verify_that_enter_account_information_is_visible()&amp#27;[0m
  &amp#27;[36mAnd &amp#27;[0m&amp#27;[36mfill details: Title, Name, Email, Password, Date of birth&amp#27;[0m                                                     &amp#27;[90m# stepdefinitions.RegistrationStepDef.fill_details_title_name_email_password_date_of_birth()&amp#27;[0m
  &amp#27;[36mAnd &amp#27;[0m&amp#27;[36mselect checkbox Sign up for our newsletter!&amp#27;[0m                                                                   &amp#27;[90m# stepdefinitions.RegistrationStepDef.select_checkbox_sign_up_for_our_newsletter()&amp#27;[0m
  &amp#27;[36mAnd &amp#27;[0m&amp#27;[36mselect checkbox Receive special offers from our partners!&amp#27;[0m                                                     &amp#27;[90m# stepdefinitions.RegistrationStepDef.select_checkbox_receive_special_offers_from_our_partners()&amp#27;[0m
  &amp#27;[36mAnd &amp#27;[0m&amp#27;[36mfill details: First name, Last name, Company, Address, Address2, Country, State, City, Zipcode, Mobile Number&amp#27;[0m &amp#27;[90m# stepdefinitions.RegistrationStepDef.fill_details_first_name_last_name_company_address_address2_country_state_city_zipcode_mobile_number()&amp#27;[0m
  &amp#27;[36mWhen &amp#27;[0m&amp#27;[36mclick Create Account button&amp#27;[0m                                                                                  &amp#27;[90m# stepdefinitions.RegistrationStepDef.click_create_account_button()&amp#27;[0m
  &amp#27;[36mThen &amp#27;[0m&amp#27;[36mverify that ACCOUNT CREATED! is visible&amp#27;[0m                                                                      &amp#27;[90m# stepdefinitions.RegistrationStepDef.verify_that_account_created_is_visible()&amp#27;[0m
  &amp#27;[36mWhen &amp#27;[0m&amp#27;[36mclick Continue button&amp#27;[0m                                                                                        &amp#27;[90m# stepdefinitions.RegistrationStepDef.click_continue_button()&amp#27;[0m
  &amp#27;[36mThen &amp#27;[0m&amp#27;[36mverify that Logged in as username is visible&amp#27;[0m                                                                 &amp#27;[90m# stepdefinitions.RegistrationStepDef.verify_that_logged_in_as_username_is_visible()&amp#27;[0m
  &amp#27;[36mThen &amp#27;[0m&amp#27;[36mverify Delete Account button is visible&amp#27;[0m                                                                      &amp#27;[90m# stepdefinitions.RegistrationStepDef.verifyDeleteAccountButtonIsVisible()&amp#27;[0m

    Embedding screenshots [image/png 33421 bytes]

]]></system-out>
    <system-err><![CDATA[SLF4J: Failed to load class "org.slf4j.impl.StaticLoggerBinder".
SLF4J: Defaulting to no-operation (NOP) logger implementation
SLF4J: See http://www.slf4j.org/codes.html#StaticLoggerBinder for further details.
Starting ChromeDriver 104.0.5112.79 (3cf3e8c8a07d104b9e1260c910efb8f383285dc5-refs/branch-heads/5112@{#1307}) on port 6770
Only local connections are allowed.
Please see https://chromedriver.chromium.org/security-considerations for suggestions on keeping ChromeDriver safe.
ChromeDriver was started successfully.
Sep 02, 2022 4:03:16 PM org.openqa.selenium.remote.ProtocolHandshake createSession
INFO: Detected dialect: W3C
]]></system-err>
  </testcase>
  <testcase name="given valid credentials user should be able to login successfully" classname="Register user, login,log out" time="20.865"/>
</testsuite>